<?xml version="1.0" encoding="UTF-8"?>
<testsuite name="com.example.demo.DemoApplicationTests" tests="1" skipped="0" failures="0" errors="0" timestamp="2021-11-18T15:03:57" hostname="M-C02ZT146LVDM" time="1.228">
  <properties/>
  <testcase name="testHoverfly()" classname="com.example.demo.DemoApplicationTests" time="1.228"/>
  <system-out><![CDATA[16:03:54.799 [Test worker] DEBUG org.springframework.test.context.BootstrapUtils - Instantiating CacheAwareContextLoaderDelegate from class [org.springframework.test.context.cache.DefaultCacheAwareContextLoaderDelegate]
16:03:54.814 [Test worker] DEBUG org.springframework.test.context.BootstrapUtils - Instantiating BootstrapContext using constructor [public org.springframework.test.context.support.DefaultBootstrapContext(java.lang.Class,org.springframework.test.context.CacheAwareContextLoaderDelegate)]
16:03:54.853 [Test worker] DEBUG org.springframework.test.context.BootstrapUtils - Instantiating TestContextBootstrapper for test class [com.example.demo.DemoApplicationTests] from class [org.springframework.boot.test.context.SpringBootTestContextBootstrapper]
16:03:54.862 [Test worker] INFO org.springframework.boot.test.context.SpringBootTestContextBootstrapper - Neither @ContextConfiguration nor @ContextHierarchy found for test class [com.example.demo.DemoApplicationTests], using SpringBootContextLoader
16:03:54.865 [Test worker] DEBUG org.springframework.test.context.support.AbstractContextLoader - Did not detect default resource location for test class [com.example.demo.DemoApplicationTests]: class path resource [com/example/demo/DemoApplicationTests-context.xml] does not exist
16:03:54.866 [Test worker] DEBUG org.springframework.test.context.support.AbstractContextLoader - Did not detect default resource location for test class [com.example.demo.DemoApplicationTests]: class path resource [com/example/demo/DemoApplicationTestsContext.groovy] does not exist
16:03:54.866 [Test worker] INFO org.springframework.test.context.support.AbstractContextLoader - Could not detect default resource locations for test class [com.example.demo.DemoApplicationTests]: no resource found for suffixes {-context.xml, Context.groovy}.
16:03:54.867 [Test worker] INFO org.springframework.test.context.support.AnnotationConfigContextLoaderUtils - Could not detect default configuration classes for test class [com.example.demo.DemoApplicationTests]: DemoApplicationTests does not declare any static, non-private, non-final, nested classes annotated with @Configuration.
16:03:54.907 [Test worker] DEBUG org.springframework.test.context.support.ActiveProfilesUtils - Could not find an 'annotation declaring class' for annotation type [org.springframework.test.context.ActiveProfiles] and class [com.example.demo.DemoApplicationTests]
16:03:54.947 [Test worker] DEBUG org.springframework.context.annotation.ClassPathScanningCandidateComponentProvider - Identified candidate component class: file [/Users/d.barthelemy/test-hoverfly-reactor/build/classes/java/main/com/example/demo/DemoApplication.class]
16:03:54.948 [Test worker] INFO org.springframework.boot.test.context.SpringBootTestContextBootstrapper - Found @SpringBootConfiguration com.example.demo.DemoApplication for test class com.example.demo.DemoApplicationTests
16:03:55.024 [Test worker] DEBUG org.springframework.boot.test.context.SpringBootTestContextBootstrapper - @TestExecutionListeners is not present for class [com.example.demo.DemoApplicationTests]: using defaults.
16:03:55.025 [Test worker] INFO org.springframework.boot.test.context.SpringBootTestContextBootstrapper - Loaded default TestExecutionListener class names from location [META-INF/spring.factories]: [org.springframework.boot.test.autoconfigure.restdocs.RestDocsTestExecutionListener, org.springframework.boot.test.autoconfigure.web.client.MockRestServiceServerResetTestExecutionListener, org.springframework.boot.test.autoconfigure.web.servlet.MockMvcPrintOnlyOnFailureTestExecutionListener, org.springframework.boot.test.autoconfigure.web.servlet.WebDriverTestExecutionListener, org.springframework.boot.test.autoconfigure.webservices.client.MockWebServiceServerTestExecutionListener, org.springframework.boot.test.mock.mockito.MockitoTestExecutionListener, org.springframework.boot.test.mock.mockito.ResetMocksTestExecutionListener, org.springframework.test.context.web.ServletTestExecutionListener, org.springframework.test.context.support.DirtiesContextBeforeModesTestExecutionListener, org.springframework.test.context.event.ApplicationEventsTestExecutionListener, org.springframework.test.context.support.DependencyInjectionTestExecutionListener, org.springframework.test.context.support.DirtiesContextTestExecutionListener, org.springframework.test.context.transaction.TransactionalTestExecutionListener, org.springframework.test.context.jdbc.SqlScriptsTestExecutionListener, org.springframework.test.context.event.EventPublishingTestExecutionListener]
16:03:55.048 [Test worker] DEBUG org.springframework.boot.test.context.SpringBootTestContextBootstrapper - Skipping candidate TestExecutionListener [org.springframework.test.context.web.ServletTestExecutionListener] due to a missing dependency. Specify custom listener classes or make the default listener classes and their required dependencies available. Offending class: [javax/servlet/ServletContext]
16:03:55.050 [Test worker] DEBUG org.springframework.boot.test.context.SpringBootTestContextBootstrapper - Skipping candidate TestExecutionListener [org.springframework.test.context.transaction.TransactionalTestExecutionListener] due to a missing dependency. Specify custom listener classes or make the default listener classes and their required dependencies available. Offending class: [org/springframework/transaction/TransactionDefinition]
16:03:55.050 [Test worker] DEBUG org.springframework.boot.test.context.SpringBootTestContextBootstrapper - Skipping candidate TestExecutionListener [org.springframework.test.context.jdbc.SqlScriptsTestExecutionListener] due to a missing dependency. Specify custom listener classes or make the default listener classes and their required dependencies available. Offending class: [org/springframework/transaction/interceptor/TransactionAttribute]
16:03:55.051 [Test worker] INFO org.springframework.boot.test.context.SpringBootTestContextBootstrapper - Using TestExecutionListeners: [org.springframework.test.context.support.DirtiesContextBeforeModesTestExecutionListener@c1fca1e, org.springframework.test.context.event.ApplicationEventsTestExecutionListener@241a53ef, org.springframework.boot.test.mock.mockito.MockitoTestExecutionListener@344344fa, org.springframework.boot.test.autoconfigure.SpringBootDependencyInjectionTestExecutionListener@2db2cd5, org.springframework.test.context.support.DirtiesContextTestExecutionListener@70e659aa, org.springframework.test.context.event.EventPublishingTestExecutionListener@615f972, org.springframework.boot.test.autoconfigure.restdocs.RestDocsTestExecutionListener@285f09de, org.springframework.boot.test.autoconfigure.web.client.MockRestServiceServerResetTestExecutionListener@73393584, org.springframework.boot.test.autoconfigure.web.servlet.MockMvcPrintOnlyOnFailureTestExecutionListener@31500940, org.springframework.boot.test.autoconfigure.web.servlet.WebDriverTestExecutionListener@1827a871, org.springframework.boot.test.autoconfigure.webservices.client.MockWebServiceServerTestExecutionListener@48e64352, org.springframework.boot.test.mock.mockito.ResetMocksTestExecutionListener@7249dadf]
16:03:55.058 [Test worker] DEBUG org.springframework.test.context.support.AbstractDirtiesContextTestExecutionListener - Before test class: context [DefaultTestContext@77b7ffa4 testClass = DemoApplicationTests, testInstance = [null], testMethod = [null], testException = [null], mergedContextConfiguration = [ReactiveWebMergedContextConfiguration@5ed190be testClass = DemoApplicationTests, locations = '{}', classes = '{class com.example.demo.DemoApplication}', contextInitializerClasses = '[]', activeProfiles = '{}', propertySourceLocations = '{}', propertySourceProperties = '{org.springframework.boot.test.context.SpringBootTestContextBootstrapper=true}', contextCustomizers = set[org.springframework.boot.test.autoconfigure.actuate.metrics.MetricsExportContextCustomizerFactory$DisableMetricExportContextCustomizer@5e81e5ac, org.springframework.boot.test.autoconfigure.properties.PropertyMappingContextCustomizer@0, org.springframework.boot.test.autoconfigure.web.servlet.WebDriverContextCustomizerFactory$Customizer@607fbe09, org.springframework.boot.test.context.filter.ExcludeFilterContextCustomizer@3382f8ae, org.springframework.boot.test.json.DuplicateJsonObjectContextCustomizerFactory$DuplicateJsonObjectContextCustomizer@6eeade6c, org.springframework.boot.test.mock.mockito.MockitoContextCustomizer@0, org.springframework.boot.test.web.client.TestRestTemplateContextCustomizer@53d1b9b3, org.springframework.boot.test.web.reactive.server.WebTestClientContextCustomizer@788fcafb, org.springframework.boot.test.context.SpringBootTestArgs@1, org.springframework.boot.test.context.SpringBootTestWebEnvironment@7068e664], contextLoader = 'org.springframework.boot.test.context.SpringBootContextLoader', parent = [null]], attributes = map[[empty]]], class annotated with @DirtiesContext [false] with mode [null].
16:03:55.072 [Test worker] DEBUG org.springframework.test.context.support.DependencyInjectionTestExecutionListener - Performing dependency injection for test context [[DefaultTestContext@77b7ffa4 testClass = DemoApplicationTests, testInstance = com.example.demo.DemoApplicationTests@30c0ccff, testMethod = [null], testException = [null], mergedContextConfiguration = [ReactiveWebMergedContextConfiguration@5ed190be testClass = DemoApplicationTests, locations = '{}', classes = '{class com.example.demo.DemoApplication}', contextInitializerClasses = '[]', activeProfiles = '{}', propertySourceLocations = '{}', propertySourceProperties = '{org.springframework.boot.test.context.SpringBootTestContextBootstrapper=true}', contextCustomizers = set[org.springframework.boot.test.autoconfigure.actuate.metrics.MetricsExportContextCustomizerFactory$DisableMetricExportContextCustomizer@5e81e5ac, org.springframework.boot.test.autoconfigure.properties.PropertyMappingContextCustomizer@0, org.springframework.boot.test.autoconfigure.web.servlet.WebDriverContextCustomizerFactory$Customizer@607fbe09, org.springframework.boot.test.context.filter.ExcludeFilterContextCustomizer@3382f8ae, org.springframework.boot.test.json.DuplicateJsonObjectContextCustomizerFactory$DuplicateJsonObjectContextCustomizer@6eeade6c, org.springframework.boot.test.mock.mockito.MockitoContextCustomizer@0, org.springframework.boot.test.web.client.TestRestTemplateContextCustomizer@53d1b9b3, org.springframework.boot.test.web.reactive.server.WebTestClientContextCustomizer@788fcafb, org.springframework.boot.test.context.SpringBootTestArgs@1, org.springframework.boot.test.context.SpringBootTestWebEnvironment@7068e664], contextLoader = 'org.springframework.boot.test.context.SpringBootContextLoader', parent = [null]], attributes = map['org.springframework.test.context.event.ApplicationEventsTestExecutionListener.recordApplicationEvents' -> false]]].
16:03:55.091 [Test worker] DEBUG org.springframework.test.context.support.TestPropertySourceUtils - Adding inlined properties to environment: {spring.jmx.enabled=false, org.springframework.boot.test.context.SpringBootTestContextBootstrapper=true}

  .   ____          _            __ _ _
 /\\ / ___'_ __ _ _(_)_ __  __ _ \ \ \ \
( ( )\___ | '_ | '_| | '_ \/ _` | \ \ \ \
 \\/  ___)| |_)| | | | | || (_| |  ) ) ) )
  '  |____| .__|_| |_|_| |_\__, | / / / /
 =========|_|==============|___/=/_/_/_/
 :: Spring Boot ::                (v2.5.6)

2021-11-18 16:03:55.302  INFO 37783 --- [    Test worker] com.example.demo.DemoApplicationTests    : Starting DemoApplicationTests using Java 11.0.9.1 on M-C02ZT146LVDM with PID 37783 (started by d.barthelemy in /Users/d.barthelemy/test-hoverfly-reactor)
2021-11-18 16:03:55.304  INFO 37783 --- [    Test worker] com.example.demo.DemoApplicationTests    : No active profile set, falling back to default profiles: default
2021-11-18 16:03:56.293  INFO 37783 --- [    Test worker] i.s.hoverfly.junit.core.TempFileManager  : Selecting the following binary based on the current operating system: hoverfly_OSX_amd64
2021-11-18 16:03:56.296  INFO 37783 --- [    Test worker] i.s.hoverfly.junit.core.TempFileManager  : Storing binary in temporary directory /var/folders/9y/ll1hwbyd5sjb0zl2rzsx343r0000gp/T/hoverfly.13760987738050365/hoverfly_OSX_amd64
2021-11-18 16:03:56.434  INFO 37783 --- [    Test worker] io.specto.hoverfly.junit.core.Hoverfly   : Executing binary at /var/folders/9y/ll1hwbyd5sjb0zl2rzsx343r0000gp/T/hoverfly.13760987738050365/hoverfly_OSX_amd64
2021-11-18 16:03:56.800  INFO 37783 --- [       Thread-5] hoverfly                                 : Default proxy port has been overwritten port=54627
2021-11-18 16:03:56.802  INFO 37783 --- [       Thread-5] hoverfly                                 : Default admin port has been overwritten port=54628
2021-11-18 16:03:56.802  INFO 37783 --- [       Thread-5] hoverfly                                 : Using memory backend 
2021-11-18 16:03:56.802  INFO 37783 --- [       Thread-5] hoverfly                                 : Proxy prepared... Destination=. Mode=simulate ProxyPort=54627
2021-11-18 16:03:56.802  INFO 37783 --- [       Thread-5] hoverfly                                 : current proxy configuration destination=. mode=simulate port=54627
2021-11-18 16:03:56.802  INFO 37783 --- [       Thread-5] hoverfly                                 : serving proxy 
2021-11-18 16:03:56.802  INFO 37783 --- [       Thread-5] hoverfly                                 : Admin interface is starting... AdminPort=54628
2021-11-18 16:03:56.925  INFO 37783 --- [    Test worker] io.specto.hoverfly.junit.core.Hoverfly   : A local Hoverfly with version v1.3.3 is ready
2021-11-18 16:03:56.931  INFO 37783 --- [       Thread-5] hoverfly                                 : Mode has been changed mode=simulate
2021-11-18 16:03:56.935  INFO 37783 --- [    Test worker] i.s.hoverfly.junit.core.ProxyConfigurer  : Setting proxy host to localhost
2021-11-18 16:03:56.936  INFO 37783 --- [    Test worker] i.s.hoverfly.junit.core.ProxyConfigurer  : Setting proxy proxyPort to 54627
2021-11-18 16:03:57.305  INFO 37783 --- [    Test worker] com.example.demo.DemoApplicationTests    : Started DemoApplicationTests in 2.205 seconds (JVM running for 3.517)
2021-11-18 16:03:57.613  INFO 37783 --- [       Thread-5] hoverfly                                 : Mode has been changed mode=capture
2021-11-18 16:03:58.495  INFO 37783 --- [       Thread-5] hoverfly                                 : request and response captured mode=capture request={body=, destination=127.0.0.1:8080, headers={Accept-Encoding=[gzip], Connection=[Keep-Alive], User-Agent=[okhttp/3.14.9]}, method=GET, path=/helloworld, query={}, scheme=http} response={error=nil response}
OOOKHealthy Connection
2021-11-18 16:03:58.498  INFO 37783 --- [    Test worker] io.specto.hoverfly.junit.core.Hoverfly   : Exporting simulation data from Hoverfly
]]></system-out>
  <system-err><![CDATA[]]></system-err>
</testsuite>
